Flow report for CPU
Fri Sep 07 17:35:50 2012
Quartus II Version 7.2 Build 151 09/26/2007 SJ Full Version


---------------------
; Table of Contents ;
---------------------
  1. Legal Notice
  2. Flow Summary
  3. Flow Settings
  4. Flow Non-Default Global Settings
  5. Flow Elapsed Time
  6. Flow Log



----------------
; Legal Notice ;
----------------
Copyright (C) 1991-2007 Altera Corporation
Your use of Altera Corporation's design tools, logic functions 
and other software and tools, and its AMPP partner logic 
functions, and any output files from any of the foregoing 
(including device programming or simulation files), and any 
associated documentation or information are expressly subject 
to the terms and conditions of the Altera Program License 
Subscription Agreement, Altera MegaCore Function License 
Agreement, or other applicable license agreement, including, 
without limitation, that your use is for the sole purpose of 
programming logic devices manufactured by Altera and sold by 
Altera or its authorized distributors.  Please refer to the 
applicable agreement for further details.



+-------------------------------------------------------------------------------+
; Flow Summary                                                                  ;
+------------------------------------+------------------------------------------+
; Flow Status                        ; Successful - Fri Sep 07 17:35:50 2012    ;
; Quartus II Version                 ; 7.2 Build 151 09/26/2007 SJ Full Version ;
; Revision Name                      ; CPU                                      ;
; Top-level Entity Name              ; CPU                                      ;
; Family                             ; Cyclone III                              ;
; Met timing requirements            ; N/A                                      ;
; Total logic elements               ; 6,354 / 15,408 ( 41 % )                  ;
;     Total combinational functions  ; 5,483 / 15,408 ( 36 % )                  ;
;     Dedicated logic registers      ; 2,332 / 15,408 ( 15 % )                  ;
; Total registers                    ; 2332                                     ;
; Total pins                         ; 170 / 347 ( 49 % )                       ;
; Total virtual pins                 ; 0                                        ;
; Total memory bits                  ; 2,048 / 516,096 ( < 1 % )                ;
; Embedded Multiplier 9-bit elements ; 8 / 112 ( 7 % )                          ;
; Total PLLs                         ; 0 / 4 ( 0 % )                            ;
; Device                             ; EP3C16F484C6                             ;
; Timing Models                      ; Preliminary                              ;
+------------------------------------+------------------------------------------+


+-----------------------------------------+
; Flow Settings                           ;
+-------------------+---------------------+
; Option            ; Setting             ;
+-------------------+---------------------+
; Start date & time ; 09/07/2012 17:32:53 ;
; Main task         ; Compilation         ;
; Revision Name     ; CPU                 ;
+-------------------+---------------------+


+---------------------------------------------------------------------------------------------------------------+
; Flow Non-Default Global Settings                                                                              ;
+------------------------------------+---------------------------+---------------+-------------+----------------+
; Assignment Name                    ; Value                     ; Default Value ; Entity Name ; Section Id     ;
+------------------------------------+---------------------------+---------------+-------------+----------------+
; EDA_OUTPUT_DATA_FORMAT             ; Verilog                   ; --            ; --          ; eda_simulation ;
; EDA_SIMULATION_TOOL                ; ModelSim-Altera (Verilog) ; <None>        ; --          ; --             ;
; EDA_TIME_SCALE                     ; 1 ps                      ; --            ; --          ; eda_simulation ;
; PARTITION_COLOR                    ; 2147039                   ; --            ; --          ; Top            ;
; PARTITION_NETLIST_TYPE             ; SOURCE                    ; --            ; --          ; Top            ;
; USE_GENERATED_PHYSICAL_CONSTRAINTS ; Off                       ; --            ; --          ; eda_palace     ;
+------------------------------------+---------------------------+---------------+-------------+----------------+


+--------------------------------------------------------------------+
; Flow Elapsed Time                                                  ;
+---------------------------+--------------+-------------------------+
; Module Name               ; Elapsed Time ; Average Processors Used ;
+---------------------------+--------------+-------------------------+
; Analysis & Synthesis      ; 00:01:06     ; 1.0                     ;
; Fitter                    ; 00:01:02     ; 1.0                     ;
; Assembler                 ; 00:00:05     ; 1.0                     ;
; TimeQuest Timing Analyzer ; 00:00:18     ; 1.0                     ;
; EDA Netlist Writer        ; 00:00:16     ; 1.0                     ;
; Total                     ; 00:02:47     ; --                      ;
+---------------------------+--------------+-------------------------+


------------
; Flow Log ;
------------
quartus_map --read_settings_files=on --write_settings_files=off CPU -c CPU
quartus_fit --read_settings_files=off --write_settings_files=off CPU -c CPU
quartus_asm --read_settings_files=off --write_settings_files=off CPU -c CPU
quartus_sta CPU -c CPU
quartus_eda --read_settings_files=off --write_settings_files=off CPU -c CPU



